[25-04-2025 06:58:32] [TIPO][Cadastro] [USUÁRIO][jrg] [CLIENTE][Jorge Reis] Mensagem enviada!
[25-04-2025 14:21:31] [TIPO][Cadastro] [USUÁRIO][jrg] [CLIENTE][Jorge Reis] Mensagem enviada!
[25-04-2025 14:25:02] [TIPO][Cadastro] [USUÁRIO][jrg] [CLIENTE][Jorge Reis] Mensagem enviada!
[25-04-2025 14:34:46] [TIPO][Cadastro] [USUÁRIO][jrg] [CLIENTE][Jorge Reis] Mensagem enviada!
[30-04-2025 01:30:02] [TIPO][Cadastro] [USUÁRIO][jrg] [CLIENTE][Juliana Leite] Mensagem enviada!
[30-04-2025 01:34:27] [TIPO][Cadastro] [USUÁRIO][jrg] [CLIENTE][Joao Pedro] Mensagem enviada!
[05-05-2025 06:10:59] [TIPO][Cadastro] [USUÁRIO][jrg] [CLIENTE][Juliana Leite] Mensagem enviada!
[05-05-2025 06:11:00] [TIPO][Indicação] [USUÁRIO][jrg] [CLIENTE][Jorge Reis] Mensagem enviada!
[05-05-2025 06:12:34] [TIPO][Cadastro] [USUÁRIO][jrg] [CLIENTE][Joao Pedro] Mensagem enviada!
[05-05-2025 06:17:34] [TIPO][Cadastro] [USUÁRIO][jrg] [CLIENTE][Joao Pedro] Mensagem enviada!
[05-05-2025 06:17:35] [TIPO][Indicação] [USUÁRIO][jrg] [CLIENTE][Jorge Reis] Mensagem enviada!
[05-05-2025 06:21:57] [TIPO][Cadastro] [USUÁRIO][jrg] [CLIENTE][Joao Pedro] Mensagem enviada!
[05-05-2025 06:29:07] [TIPO][Cadastro] [USUÁRIO][jrg] [CLIENTE][Joao Pedro] Mensagem enviada!
[05-05-2025 06:39:04] [TIPO][Cadastro] [USUÁRIO][jrg] [CLIENTE][Joao Pedro] Mensagem enviada!
[05-05-2025 06:39:05] [TIPO][Indicação] [USUÁRIO][jrg] [CLIENTE][Jorge Reis] Mensagem enviada!
[05-05-2025 06:42:17] [TIPO][Cadastro] [USUÁRIO][jrg] [CLIENTE][Juliana Leite] Mensagem enviada!
[05-05-2025 06:42:18] [TIPO][Indicação] [USUÁRIO][jrg] [CLIENTE][Jorge Reis] Mensagem enviada!
[05-05-2025 06:43:19] [TIPO][Cadastro] [USUÁRIO][jrg] [CLIENTE][Joao Pedro] Mensagem enviada!
[05-05-2025 06:43:20] [TIPO][Indicação] [USUÁRIO][jrg] [CLIENTE][Jorge Reis] Mensagem enviada!
[05-05-2025 15:26:37] [TIPO][Cadastro] [USUÁRIO][jrg] [CLIENTE][Juliana Leite] Mensagem enviada!
[05-05-2025 15:26:38] [TIPO][Indicação] [USUÁRIO][jrg] [CLIENTE][Jorge Reis] Mensagem enviada!
[05-05-2025 15:28:25] [TIPO][Cadastro] [USUÁRIO][jrg] [CLIENTE][Joao Pedro] Mensagem enviada!
[05-05-2025 15:28:26] [TIPO][Indicação] [USUÁRIO][jrg] [CLIENTE][Jorge Reis] Mensagem enviada!
[05-05-2025 15:52:51] [TIPO][Cadastro] [USUÁRIO][jrg] [CLIENTE][Joao Pedro] Mensagem enviada!
[05-05-2025 15:52:51] [TIPO][Indicação] [USUÁRIO][jrg] [CLIENTE][Jorge Reis] Mensagem enviada!
[08-05-2025 00:01:49] [TIPO][Cadastro] [USUÁRIO][jrg] [CLIENTE][Jorge Reis] Mensagem enviada!
[10-05-2025 01:57:34] [TIPO][Cadastro] [USUÁRIO][jrg] [CLIENTE][Jorge Reis] [CODE][400] [TENTATIVA 1] - O número 555583996239140 não existe.
[10-05-2025 01:58:00] [TIPO][Cadastro] [USUÁRIO][jrg] [CLIENTE][Jorge Reis] Mensagem enviada!
