[2025-05-05 23:32:08.625062] [CONFLITO] 'Star Wars: Andor S02E02' -> 'Andor' (ano: None, retornado: 2022)
[2025-05-05 23:32:08.626553] [NAO ENCONTRADO] 'Star Wars: Andor S02E02' -> 'Star Wars: Andor' | S02E02
[2025-05-05 23:32:14.324728] [NAO ENCONTRADO] 'Cinderella Game [L] S01E101' -> 'Cinderella Game  1' | S01E10
[2025-05-05 23:32:19.880843] [CONFLITO] 'Jewel Thief - The Heist Begins' -> 'Ladrão de Joias: Começa o Assalto' (ano: None, retornado: 2025)
[2025-05-05 23:32:19.882725] [NAO ENCONTRADO] 'Jewel Thief - The Heist Begins' -> 'Jewel Thief - The Heist Begins'
[2025-05-05 23:32:21.626458] [CONFLITO] 'O Último Duelo [L]' -> 'O Último Grande Duelo' (ano: None, retornado: 1972)
[2025-05-05 23:32:21.628273] [NAO ENCONTRADO] 'O Último Duelo [L]' -> 'O Último Duelo'
[2025-05-05 23:32:25.107405] [CONFLITO] 'Amaldiçoados [L]' -> 'Mapa de Lugares Amaldiçoados' (ano: None, retornado: 2020)
[2025-05-05 23:32:25.108996] [NAO ENCONTRADO] 'Amaldiçoados [L]' -> 'Amaldiçoados'
[2025-05-05 23:32:26.436353] [CONFLITO] 'Exclusive Love [L] S01E12' -> 'Amor Particular' (ano: None, retornado: 2025)
[2025-05-05 23:32:26.437997] [NAO ENCONTRADO] 'Exclusive Love [L] S01E12' -> 'Exclusive Love' | S01E12
[2025-05-05 23:32:36.148091] [CONFLITO] 'Pesadelo na Cozinha S04E12' -> 'Pesadelo na Cozinha com Gordon Ramsey' (ano: None, retornado: 2007)
[2025-05-05 23:32:36.149956] [NAO ENCONTRADO] 'Pesadelo na Cozinha S04E12' -> 'Pesadelo na Cozinha' | S04E12
[2025-05-05 23:32:36.582292] [CONFLITO] 'A Agência S01E101' -> 'Timmy Fiasco' (ano: None, retornado: 2020)
[2025-05-05 23:32:36.584131] [NAO ENCONTRADO] 'A Agência S01E101' -> 'A Agência 1' | S01E10
[2025-05-05 23:32:37.857818] [NAO ENCONTRADO] 'A Agência S01E116' -> 'A Agência 6' | S01E11
[2025-05-05 23:32:46.769303] [CONFLITO] 'Ela e Eu' -> 'Eu, Tu e Ela' (ano: None, retornado: 2016)
[2025-05-05 23:32:46.771083] [NAO ENCONTRADO] 'Ela e Eu' -> 'Ela e Eu'
[2025-05-05 23:32:54.944229] [NAO ENCONTRADO] 'A Agência S01E106' -> 'A Agência 6' | S01E10
[2025-05-05 23:32:58.747421] [NAO ENCONTRADO] 'A Agência S01E135' -> 'A Agência 5' | S01E13
[2025-05-05 23:33:00.353637] [CONFLITO] 'A Agência S01E131' -> 'Timmy Fiasco' (ano: None, retornado: 2020)
[2025-05-05 23:33:00.355470] [NAO ENCONTRADO] 'A Agência S01E131' -> 'A Agência 1' | S01E13
[2025-05-05 23:33:05.975957] [NAO ENCONTRADO] 'A Agência S01E107' -> 'A Agência 7' | S01E10
[2025-05-05 23:33:11.263708] [NAO ENCONTRADO] 'Cinderella Game [L] S01E100' -> 'Cinderella Game  0' | S01E10
[2025-05-05 23:33:11.669503] [CONFLITO] 'O Grinch [L]' -> 'Como o Grinch Roubou o Natal' (ano: None, retornado: 1966)
[2025-05-05 23:33:11.671061] [NAO ENCONTRADO] 'O Grinch [L]' -> 'O Grinch'
[2025-05-05 23:33:12.916892] [NAO ENCONTRADO] 'Big Brother Brasil S25E100' -> 'Big Brother Brasil 0' | S25E10
[2025-05-05 23:33:13.706330] [CONFLITO] 'Pokemon Horizontes A Serie S02E22' -> 'A Série Pokémon: Horizontes' (ano: None, retornado: 2023)
[2025-05-05 23:33:13.708020] [NAO ENCONTRADO] 'Pokemon Horizontes A Serie S02E22' -> 'Pokemon Horizontes A Serie' | S02E22
[2025-05-05 23:33:17.741156] [CONFLITO] 'A Agência S01E142' -> 'Agência de Celebridades' (ano: None, retornado: 2022)
[2025-05-05 23:33:17.743028] [NAO ENCONTRADO] 'A Agência S01E142' -> 'A Agência 2' | S01E14
[2025-05-05 23:33:18.894105] [NAO ENCONTRADO] 'A Agência S01E115' -> 'A Agência 5' | S01E11
[2025-05-05 23:33:19.689465] [CONFLITO] 'Pokemon Horizontes A Serie [L] S03E03' -> 'A Série Pokémon: Horizontes' (ano: None, retornado: 2023)
[2025-05-05 23:33:19.691011] [NAO ENCONTRADO] 'Pokemon Horizontes A Serie [L] S03E03' -> 'Pokemon Horizontes A Serie' | S03E03
[2025-05-05 23:33:23.430932] [NAO ENCONTRADO] 'A Agência S01E133' -> 'A Agência 3' | S01E13
[2025-05-05 23:33:28.133151] [CONFLITO] 'Pokemon Horizontes A Serie S02E17' -> 'A Série Pokémon: Horizontes' (ano: None, retornado: 2023)
[2025-05-05 23:33:28.134731] [NAO ENCONTRADO] 'Pokemon Horizontes A Serie S02E17' -> 'Pokemon Horizontes A Serie' | S02E17
[2025-05-05 23:33:28.903688] [CONFLITO] 'Star Wars: Andor S02E03' -> 'Andor' (ano: None, retornado: 2022)
[2025-05-05 23:33:28.905351] [NAO ENCONTRADO] 'Star Wars: Andor S02E03' -> 'Star Wars: Andor' | S02E03
[2025-05-05 23:33:37.549669] [NAO ENCONTRADO] 'A Agência S01E124' -> 'A Agência 4' | S01E12
[2025-05-05 23:33:41.539274] [CONFLITO] 'Amaldiçoados' -> 'Mapa de Lugares Amaldiçoados' (ano: None, retornado: 2020)
[2025-05-05 23:33:41.541089] [NAO ENCONTRADO] 'Amaldiçoados' -> 'Amaldiçoados'
[2025-05-05 23:33:46.355361] [NAO ENCONTRADO] 'A Agência S01E129' -> 'A Agência 9' | S01E12
[2025-05-05 23:33:47.510799] [NAO ENCONTRADO] 'A Agência S01E145' -> 'A Agência 5' | S01E14
[2025-05-05 23:33:48.661712] [CONFLITO] 'Jewel Thief - The Heist Begins [L]' -> 'Ladrão de Joias: Começa o Assalto' (ano: None, retornado: 2025)
[2025-05-05 23:33:48.663221] [NAO ENCONTRADO] 'Jewel Thief - The Heist Begins [L]' -> 'Jewel Thief - The Heist Begins'
[2025-05-05 23:33:50.628833] [NAO ENCONTRADO] 'A Agência S01E103' -> 'A Agência 3' | S01E10
[2025-05-05 23:33:52.623318] [CONFLITO] 'Pokemon Horizontes A Serie S02E16' -> 'A Série Pokémon: Horizontes' (ano: None, retornado: 2023)
[2025-05-05 23:33:52.625103] [NAO ENCONTRADO] 'Pokemon Horizontes A Serie S02E16' -> 'Pokemon Horizontes A Serie' | S02E16
[2025-05-05 23:33:53.006942] [NAO ENCONTRADO] 'A Agência S01E136' -> 'A Agência 6' | S01E13
[2025-05-05 23:34:05.428155] [NAO ENCONTRADO] 'A Agência S01E130' -> 'A Agência 0' | S01E13
[2025-05-05 23:34:07.004671] [NAO ENCONTRADO] 'A Agência S01E147' -> 'A Agência 7' | S01E14
[2025-05-05 23:34:08.182033] [CONFLITO] 'Jewel Thief - The Heist Begins' -> 'Ladrão de Joias: Começa o Assalto' (ano: None, retornado: 2025)
[2025-05-05 23:34:08.183848] [NAO ENCONTRADO] 'Jewel Thief - The Heist Begins' -> 'Jewel Thief - The Heist Begins'
[2025-05-05 23:34:08.952463] [CONFLITO] 'Pokemon Horizontes A Serie S02E12' -> 'A Série Pokémon: Horizontes' (ano: None, retornado: 2023)
[2025-05-05 23:34:08.954078] [NAO ENCONTRADO] 'Pokemon Horizontes A Serie S02E12' -> 'Pokemon Horizontes A Serie' | S02E12
[2025-05-05 23:34:09.743053] [NAO ENCONTRADO] 'A Agência S01E108' -> 'A Agência 8' | S01E10
[2025-05-05 23:34:12.105621] [NAO ENCONTRADO] 'One Piece [L] S22E1127' -> 'One Piece  27' | S22E11
[2025-05-05 23:34:25.357992] [CONFLITO] 'Medo' -> 'Sem Medo da Verdade' (ano: None, retornado: 2018)
[2025-05-05 23:34:25.359839] [NAO ENCONTRADO] 'Medo' -> 'Medo'
[2025-05-05 23:34:30.243189] [CONFLITO] 'Star Wars: Andor S02E01' -> 'Andor' (ano: None, retornado: 2022)
[2025-05-05 23:34:30.244795] [NAO ENCONTRADO] 'Star Wars: Andor S02E01' -> 'Star Wars: Andor' | S02E01
[2025-05-05 23:34:33.221572] [CONFLITO] 'Star Wars: Andor S02E04' -> 'Andor' (ano: None, retornado: 2022)
[2025-05-05 23:34:33.223116] [NAO ENCONTRADO] 'Star Wars: Andor S02E04' -> 'Star Wars: Andor' | S02E04
[2025-05-05 23:34:36.879422] [CONFLITO] 'A Agência S01E121' -> 'Timmy Fiasco' (ano: None, retornado: 2020)
[2025-05-05 23:34:36.881696] [NAO ENCONTRADO] 'A Agência S01E121' -> 'A Agência 1' | S01E12
[2025-05-05 23:34:37.259027] [CONFLITO] 'Star Wars: Andor S02E05' -> 'Andor' (ano: None, retornado: 2022)
[2025-05-05 23:34:37.260766] [NAO ENCONTRADO] 'Star Wars: Andor S02E05' -> 'Star Wars: Andor' | S02E05
[2025-05-05 23:34:40.855282] [NAO ENCONTRADO] 'A Agência S01E134' -> 'A Agência 4' | S01E13
[2025-05-05 23:34:47.852960] [NAO ENCONTRADO] 'A Agência S01E149' -> 'A Agência 9' | S01E14
[2025-05-05 23:34:48.235569] [CONFLITO] 'A Agência S01E122' -> 'Agência de Celebridades' (ano: None, retornado: 2022)
[2025-05-05 23:34:48.237202] [NAO ENCONTRADO] 'A Agência S01E122' -> 'A Agência 2' | S01E12
[2025-05-05 23:34:53.144527] [CONFLITO] 'Heróis [L]' -> 'Os Heróis da Cidade' (ano: None, retornado: 2004)
[2025-05-05 23:34:53.146697] [NAO ENCONTRADO] 'Heróis [L]' -> 'Heróis'
[2025-05-05 23:35:06.865987] [NAO ENCONTRADO] 'A Agência S01E119' -> 'A Agência 9' | S01E11
[2025-05-05 23:35:08.498864] [CONFLITO] 'O Grinch' -> 'Como o Grinch Roubou o Natal' (ano: None, retornado: 1966)
[2025-05-05 23:35:08.500573] [NAO ENCONTRADO] 'O Grinch' -> 'O Grinch'
[2025-05-05 23:35:09.336963] [NAO ENCONTRADO] 'A Agência S01E114' -> 'A Agência 4' | S01E11
[2025-05-05 23:35:10.591263] [CONFLITO] 'Pokemon Horizontes A Serie S02E21' -> 'A Série Pokémon: Horizontes' (ano: None, retornado: 2023)
[2025-05-05 23:35:10.593077] [NAO ENCONTRADO] 'Pokemon Horizontes A Serie S02E21' -> 'Pokemon Horizontes A Serie' | S02E21
[2025-05-05 23:35:16.274661] [NAO ENCONTRADO] 'A Agência S01E110' -> 'A Agência 0' | S01E11
[2025-05-05 23:35:22.107474] [CONFLITO] 'Ela e Eu [L]' -> 'Eu, Tu e Ela' (ano: None, retornado: 2016)
[2025-05-05 23:35:22.109222] [NAO ENCONTRADO] 'Ela e Eu [L]' -> 'Ela e Eu'
[2025-05-05 23:35:23.828588] [CONFLITO] 'Heesu in Class 2 [L] S01E10' -> 'Heesu da sala 2' (ano: None, retornado: 2025)
[2025-05-05 23:35:23.830490] [NAO ENCONTRADO] 'Heesu in Class 2 [L] S01E10' -> 'Heesu in Class 2' | S01E10
[2025-05-05 23:35:30.990075] [CONFLITO] 'Star Wars: Andor S02E06' -> 'Andor' (ano: None, retornado: 2022)
[2025-05-05 23:35:30.991763] [NAO ENCONTRADO] 'Star Wars: Andor S02E06' -> 'Star Wars: Andor' | S02E06
[2025-05-05 23:35:31.402107] [CONFLITO] 'Em Busca do Cálice Sagrado' -> 'Monty Python em Busca do Cálice Sagrado' (ano: None, retornado: 1975)
[2025-05-05 23:35:31.403857] [NAO ENCONTRADO] 'Em Busca do Cálice Sagrado' -> 'Em Busca do Cálice Sagrado'
[2025-05-05 23:35:32.554868] [CONFLITO] 'A Agência S01E132' -> 'Agência de Celebridades' (ano: None, retornado: 2022)
[2025-05-05 23:35:32.556424] [NAO ENCONTRADO] 'A Agência S01E132' -> 'A Agência 2' | S01E13
[2025-05-05 23:35:37.724472] [CONFLITO] 'Exclusive Love [L] S01E11' -> 'Amor Particular' (ano: None, retornado: 2025)
[2025-05-05 23:35:37.726045] [NAO ENCONTRADO] 'Exclusive Love [L] S01E11' -> 'Exclusive Love' | S01E11
[2025-05-05 23:35:38.909310] [NAO ENCONTRADO] 'A Agência S01E138' -> 'A Agência 8' | S01E13
[2025-05-05 23:35:45.618338] [CONFLITO] 'Pokemon Horizontes A Serie S02E14' -> 'A Série Pokémon: Horizontes' (ano: None, retornado: 2023)
[2025-05-05 23:35:45.620130] [NAO ENCONTRADO] 'Pokemon Horizontes A Serie S02E14' -> 'Pokemon Horizontes A Serie' | S02E14
[2025-05-05 23:35:54.746834] [NAO ENCONTRADO] 'A Agência S01E117' -> 'A Agência 7' | S01E11
[2025-05-05 23:35:58.443314] [CONFLITO] 'Pokemon Horizontes A Serie S02E18' -> 'A Série Pokémon: Horizontes' (ano: None, retornado: 2023)
[2025-05-05 23:35:58.445396] [NAO ENCONTRADO] 'Pokemon Horizontes A Serie S02E18' -> 'Pokemon Horizontes A Serie' | S02E18
[2025-05-05 23:36:01.204515] [CONFLITO] 'A Agência S01E111' -> 'Timmy Fiasco' (ano: None, retornado: 2020)
[2025-05-05 23:36:01.206153] [NAO ENCONTRADO] 'A Agência S01E111' -> 'A Agência 1' | S01E11
[2025-05-05 23:36:09.714505] [NAO ENCONTRADO] 'A Agência S01E105' -> 'A Agência 5' | S01E10
[2025-05-05 23:36:10.461110] [NAO ENCONTRADO] 'A Agência S01E148' -> 'A Agência 8' | S01E14
[2025-05-05 23:36:15.559236] [CONFLITO] 'A Agência S01E112' -> 'Agência de Celebridades' (ano: None, retornado: 2022)
[2025-05-05 23:36:15.561204] [NAO ENCONTRADO] 'A Agência S01E112' -> 'A Agência 2' | S01E11
[2025-05-05 23:36:27.743264] [CONFLITO] 'Pokemon Horizontes A Serie S02E19' -> 'A Série Pokémon: Horizontes' (ano: None, retornado: 2023)
[2025-05-05 23:36:27.745185] [NAO ENCONTRADO] 'Pokemon Horizontes A Serie S02E19' -> 'Pokemon Horizontes A Serie' | S02E19
[2025-05-05 23:36:32.371305] [NAO ENCONTRADO] 'A Agência S01E137' -> 'A Agência 7' | S01E13
[2025-05-05 23:36:32.784147] [NAO ENCONTRADO] 'A Agência S01E125' -> 'A Agência 5' | S01E12
[2025-05-05 23:36:33.161848] [NAO ENCONTRADO] 'A Agência S01E104' -> 'A Agência 4' | S01E10
[2025-05-05 23:36:39.364415] [CONFLITO] 'Família [L]' -> 'Meu Marido Tem Família' (ano: None, retornado: 2017)
[2025-05-05 23:36:39.366244] [NAO ENCONTRADO] 'Família [L]' -> 'Família'
[2025-05-05 23:36:40.893328] [NAO ENCONTRADO] 'A Agência S01E127' -> 'A Agência 7' | S01E12
[2025-05-05 23:36:45.586966] [CONFLITO] 'Pokemon Horizontes A Serie S02E13' -> 'A Série Pokémon: Horizontes' (ano: None, retornado: 2023)
[2025-05-05 23:36:45.588589] [NAO ENCONTRADO] 'Pokemon Horizontes A Serie S02E13' -> 'Pokemon Horizontes A Serie' | S02E13
[2025-05-05 23:36:51.925909] [CONFLITO] 'Lei e Ordem S24E14' -> 'Lei & Ordem: Unidade de Vítimas Especiais' (ano: None, retornado: 1999)
[2025-05-05 23:36:51.927797] [NAO ENCONTRADO] 'Lei e Ordem S24E14' -> 'Lei e Ordem' | S24E14
[2025-05-05 23:36:52.304075] [NAO ENCONTRADO] 'A Agência S01E126' -> 'A Agência 6' | S01E12
[2025-05-05 23:36:52.682969] [NAO ENCONTRADO] 'A Agência S01E123' -> 'A Agência 3' | S01E12
[2025-05-05 23:36:53.452472] [NAO ENCONTRADO] 'A Agência S01E118' -> 'A Agência 8' | S01E11
[2025-05-05 23:36:56.225998] [CONFLITO] 'Kamen Rider Gavv [L] S01E32' -> 'Kamen Rider Gavv GRADUATIONS Funny School Days' (ano: None, retornado: 2025)
[2025-05-05 23:36:56.227673] [NAO ENCONTRADO] 'Kamen Rider Gavv [L] S01E32' -> 'Kamen Rider Gavv' | S01E32
[2025-05-05 23:36:56.601973] [CONFLITO] 'A Agência S01E102' -> 'Agência de Celebridades' (ano: None, retornado: 2022)
[2025-05-05 23:36:56.603672] [NAO ENCONTRADO] 'A Agência S01E102' -> 'A Agência 2' | S01E10
[2025-05-05 23:37:04.554426] [CONFLITO] 'Heesu in Class 2 [L] S01E09' -> 'Heesu da sala 2' (ano: None, retornado: 2025)
[2025-05-05 23:37:04.556107] [NAO ENCONTRADO] 'Heesu in Class 2 [L] S01E09' -> 'Heesu in Class 2' | S01E09
[2025-05-05 23:37:04.921649] [CONFLITO] 'O Último Duelo' -> 'O Último Grande Duelo' (ano: None, retornado: 1972)
[2025-05-05 23:37:04.923351] [NAO ENCONTRADO] 'O Último Duelo' -> 'O Último Duelo'
[2025-05-05 23:37:09.530972] [NAO ENCONTRADO] 'A Agência S01E100' -> 'A Agência 0' | S01E10
[2025-05-05 23:37:09.903921] [NAO ENCONTRADO] 'A Agência S01E140' -> 'A Agência 0' | S01E14
[2025-05-05 23:37:13.009694] [CONFLITO] 'Sem lar [L] S01E01' -> 'Coelho sem Lar' (ano: None, retornado: 1950)
[2025-05-05 23:37:13.011598] [NAO ENCONTRADO] 'Sem lar [L] S01E01' -> 'Sem lar' | S01E01
[2025-05-05 23:37:17.681820] [CONFLITO] 'Sob Suspeita [L]' -> 'Justiça sob Suspeita' (ano: None, retornado: 1995)
[2025-05-05 23:37:17.683521] [NAO ENCONTRADO] 'Sob Suspeita [L]' -> 'Sob Suspeita'
[2025-05-05 23:37:21.195476] [NAO ENCONTRADO] 'A Agência S01E139' -> 'A Agência 9' | S01E13
[2025-05-05 23:37:22.753223] [CONFLITO] 'Lei e Ordem S24E15' -> 'Lei & Ordem: Unidade de Vítimas Especiais' (ano: None, retornado: 1999)
[2025-05-05 23:37:22.755176] [NAO ENCONTRADO] 'Lei e Ordem S24E15' -> 'Lei e Ordem' | S24E15
[2025-05-05 23:37:24.310458] [CONFLITO] 'Romeu e Julieta' -> 'A Infância de Romeu e Julieta' (ano: None, retornado: 2023)
[2025-05-05 23:37:24.312112] [NAO ENCONTRADO] 'Romeu e Julieta' -> 'Romeu e Julieta'
[2025-05-05 23:37:36.863157] [NAO ENCONTRADO] 'A Agência S01E113' -> 'A Agência 3' | S01E11
[2025-05-05 23:37:40.072877] [CONFLITO] 'Em Busca do Cálice Sagrado' -> 'Monty Python em Busca do Cálice Sagrado' (ano: None, retornado: 1975)
[2025-05-05 23:37:40.074477] [NAO ENCONTRADO] 'Em Busca do Cálice Sagrado' -> 'Em Busca do Cálice Sagrado'
[2025-05-05 23:37:46.313724] [CONFLITO] 'A Herança 4K' -> 'A Herança de Mr. Deeds' (ano: None, retornado: 2002)
[2025-05-05 23:37:46.315338] [NAO ENCONTRADO] 'A Herança 4K' -> 'A Herança'
[2025-05-05 23:37:47.920747] [CONFLITO] 'Sob Suspeita' -> 'Justiça sob Suspeita' (ano: None, retornado: 1995)
[2025-05-05 23:37:47.922485] [NAO ENCONTRADO] 'Sob Suspeita' -> 'Sob Suspeita'
[2025-05-05 23:37:53.795047] [CONFLITO] 'Heróis' -> 'Os Heróis da Cidade' (ano: None, retornado: 2004)
[2025-05-05 23:37:53.797006] [NAO ENCONTRADO] 'Heróis' -> 'Heróis'
[2025-05-05 23:37:56.526177] [CONFLITO] 'Ela e Eu' -> 'Eu, Tu e Ela' (ano: None, retornado: 2016)
[2025-05-05 23:37:56.527786] [NAO ENCONTRADO] 'Ela e Eu' -> 'Ela e Eu'
[2025-05-05 23:37:57.742391] [NAO ENCONTRADO] 'A Agência S01E109' -> 'A Agência 9' | S01E10
[2025-05-05 23:38:05.671303] [NAO ENCONTRADO] 'A Agência S01E120' -> 'A Agência 0' | S01E12
[2025-05-05 23:38:07.597143] [CONFLITO] 'Pokemon Horizontes A Serie S02E15' -> 'A Série Pokémon: Horizontes' (ano: None, retornado: 2023)
[2025-05-05 23:38:07.598920] [NAO ENCONTRADO] 'Pokemon Horizontes A Serie S02E15' -> 'Pokemon Horizontes A Serie' | S02E15
[2025-05-05 23:38:08.779090] [NAO ENCONTRADO] 'One Piece [L] S22E1128' -> 'One Piece  28' | S22E11
[2025-05-05 23:38:13.046964] [NAO ENCONTRADO] 'A Agência S01E146' -> 'A Agência 6' | S01E14
[2025-05-05 23:38:19.420776] [NAO ENCONTRADO] 'A Agência S01E128' -> 'A Agência 8' | S01E12
[2025-05-05 23:38:26.015924] [CONFLITO] 'Medo [L]' -> 'Sem Medo da Verdade' (ano: None, retornado: 2018)
[2025-05-05 23:38:26.017582] [NAO ENCONTRADO] 'Medo [L]' -> 'Medo'
[2025-05-05 23:38:29.495694] [CONFLITO] 'Pokemon Horizontes A Serie S02E20' -> 'A Série Pokémon: Horizontes' (ano: None, retornado: 2023)
[2025-05-05 23:38:29.497528] [NAO ENCONTRADO] 'Pokemon Horizontes A Serie S02E20' -> 'Pokemon Horizontes A Serie' | S02E20
[2025-05-05 23:38:30.267014] [CONFLITO] 'Em Busca do Cálice Sagrado [L]' -> 'Monty Python em Busca do Cálice Sagrado' (ano: None, retornado: 1975)
[2025-05-05 23:38:30.268870] [NAO ENCONTRADO] 'Em Busca do Cálice Sagrado [L]' -> 'Em Busca do Cálice Sagrado'
[2025-05-05 23:38:31.021500] [CONFLITO] 'A Agência S01E141' -> 'Timmy Fiasco' (ano: None, retornado: 2020)
[2025-05-05 23:38:31.023196] [NAO ENCONTRADO] 'A Agência S01E141' -> 'A Agência 1' | S01E14
[2025-05-13 00:25:05.897529] [CONFLITO] 'A Agência S01E111' -> 'Timmy Fiasco' (ano: None, retornado: 2020)
[2025-05-13 00:25:05.899097] [NAO ENCONTRADO] 'A Agência S01E111' -> 'A Agência 1' | S01E11
