[2025-04-23 23:34:02] [INIT] Iniciando envio de status para o WhatsApp.
[2025-04-23 23:34:03] [OK] Mensagem de status enviada para jrg
[2025-04-23 23:34:03] [INFO] Aguardando 18 segundos antes do próximo envio...
[2025-04-23 23:34:21] [OK] Capa enviada para jrg: Margaux: A Inteligência Mortal
[2025-04-23 23:34:21] [INFO] Aguardando 21 segundos antes do próximo envio...
[2025-04-23 23:34:43] [OK] Mensagem de status enviada para jrg
[2025-04-23 23:34:43] [INFO] Aguardando 12 segundos antes do próximo envio...
[2025-04-23 23:34:55] [OK] Mensagem enviada para número 5583996239140
[2025-04-23 23:34:56] [OK] Mensagem de status enviada para jrg
[2025-04-23 23:34:56] [INFO] Aguardando 14 segundos antes do próximo envio...
[2025-04-23 23:35:10] [OK] Status atualizado para jrg (1 conteúdos enviados)
[2025-04-28 23:34:04] [INIT] Iniciando envio de status para o WhatsApp.
[2025-04-28 23:34:04] [INFO] Nenhum conteúdo novo para enviar.
[2025-05-05 23:34:03] [INIT] Iniciando envio de status para o WhatsApp.
[2025-05-05 23:34:03] [OK] Mensagem de status enviada para jrg
[2025-05-05 23:34:03] [INFO] Aguardando 18 segundos antes do próximo envio...
[2025-05-05 23:34:22] [OK] Capa enviada para jrg: Cinderella Games
Temporada 1 - Episódio 27
[2025-05-05 23:34:22] [INFO] Aguardando 19 segundos antes do próximo envio...
[2025-05-05 23:34:41] [OK] Capa enviada para jrg: Vá e Veja
[2025-05-05 23:34:41] [INFO] Aguardando 29 segundos antes do próximo envio...
[2025-05-05 23:35:11] [OK] Capa enviada para jrg: Étoile: a Dança das Estrelas
Temporada 1 - Episódio 4
[2025-05-05 23:35:11] [INFO] Aguardando 19 segundos antes do próximo envio...
[2025-05-05 23:35:31] [OK] Capa enviada para jrg: A Agência
Temporada 1 - Episódio 57
[2025-05-05 23:35:31] [INFO] Aguardando 15 segundos antes do próximo envio...
[2025-05-05 23:35:46] [OK] Capa enviada para jrg: Você
Temporada 5 - Episódio 6
[2025-05-05 23:35:46] [INFO] Aguardando 10 segundos antes do próximo envio...
[2025-05-05 23:35:57] [OK] Capa enviada para jrg: Reparos em Família
Temporada 1 - Episódio 2
[2025-05-05 23:35:57] [INFO] Aguardando 30 segundos antes do próximo envio...
[2025-05-05 23:36:28] [OK] Capa enviada para jrg: Vidas Processadas
Temporada 1 - Episódio 5
[2025-05-05 23:36:28] [INFO] Aguardando 24 segundos antes do próximo envio...
[2025-05-05 23:36:52] [OK] Capa enviada para jrg: The Righteous Gemstones
Temporada 4 - Episódio 9
[2025-05-05 23:36:52] [INFO] Aguardando 16 segundos antes do próximo envio...
[2025-05-05 23:37:09] [OK] Capa enviada para jrg: Sword of the Demon Hunter: Kijin Gentosho
Temporada 1 - Episódio 4
[2025-05-05 23:37:09] [INFO] Aguardando 18 segundos antes do próximo envio...
[2025-05-05 23:37:27] [OK] Capa enviada para jrg: A Rainha dos Meus Sonhos
[2025-05-05 23:37:27] [INFO] Aguardando 21 segundos antes do próximo envio...
[2025-05-05 23:37:49] [OK] Capa enviada para jrg: Provas e Trapaças
[2025-05-05 23:37:49] [INFO] Aguardando 11 segundos antes do próximo envio...
[2025-05-05 23:38:01] [OK] Capa enviada para jrg: Ladrões de Drogas
Temporada 1 - Episódio 8
[2025-05-05 23:38:01] [INFO] Aguardando 10 segundos antes do próximo envio...
[2025-05-05 23:38:11] [OK] Capa enviada para jrg: Despercebida
Temporada 2 - Episódio 5
[2025-05-05 23:38:11] [INFO] Aguardando 16 segundos antes do próximo envio...
[2025-05-05 23:38:28] [OK] Capa enviada para jrg: His Dark Materials: Fronteiras do Universo
Temporada 1 - Episódio 1
[2025-05-05 23:38:28] [INFO] Aguardando 15 segundos antes do próximo envio...
[2025-05-05 23:38:43] [OK] Capa enviada para jrg: Vanderpump Villa: Luxo e Segredos
Temporada 2 - Episódio 7
[2025-05-05 23:38:43] [INFO] Aguardando 30 segundos antes do próximo envio...
[2025-05-05 23:39:14] [OK] Capa enviada para jrg: Battle Camp
Temporada 1 - Episódio 3
[2025-05-05 23:39:14] [INFO] Aguardando 25 segundos antes do próximo envio...
[2025-05-05 23:39:39] [OK] Capa enviada para jrg: Infiéis: Uma Última Chance
Temporada 1 - Episódio 6
[2025-05-05 23:39:39] [INFO] Aguardando 15 segundos antes do próximo envio...
[2025-05-05 23:39:55] [OK] Capa enviada para jrg: Porque me visto elegantemente para o amor
Temporada 1 - Episódio 6
[2025-05-05 23:39:55] [INFO] Aguardando 28 segundos antes do próximo envio...
[2025-05-05 23:40:24] [OK] Capa enviada para jrg: LEGO Masters - Spain
Temporada 2 - Episódio 5
[2025-05-05 23:40:24] [INFO] Aguardando 29 segundos antes do próximo envio...
[2025-05-05 23:40:53] [OK] Capa enviada para jrg: Os Feiticeiros Além de Waverly Place
Temporada 1 - Episódio 19
[2025-05-05 23:40:53] [INFO] Aguardando 12 segundos antes do próximo envio...
[2025-05-05 23:41:06] [OK] Capa enviada para jrg: A Ninja and an Assassin Under One Roof
Temporada 1 - Episódio 4
[2025-05-05 23:41:06] [INFO] Aguardando 26 segundos antes do próximo envio...
[2025-05-05 23:41:33] [OK] Capa enviada para jrg: Sangue Azul
Temporada 14 - Episódio 16
[2025-05-05 23:41:33] [INFO] Aguardando 14 segundos antes do próximo envio...
[2025-05-05 23:41:47] [OK] Capa enviada para jrg: The Great North
Temporada 5 - Episódio 6
[2025-05-05 23:41:47] [INFO] Aguardando 22 segundos antes do próximo envio...
[2025-05-05 23:42:10] [OK] Capa enviada para jrg: FBI: Os Mais Procurados
Temporada 6 - Episódio 19
[2025-05-05 23:42:10] [INFO] Aguardando 19 segundos antes do próximo envio...
[2025-05-05 23:42:29] [OK] Capa enviada para jrg: Até Onde Ele Vai
Temporada 1 - Episódio 6
[2025-05-05 23:42:29] [INFO] Aguardando 10 segundos antes do próximo envio...
[2025-05-05 23:42:40] [OK] Capa enviada para jrg: Crimes na Cabana
Temporada 1 - Episódio 2
[2025-05-05 23:42:40] [INFO] Aguardando 19 segundos antes do próximo envio...
[2025-05-05 23:43:00] [OK] Capa enviada para jrg: Minha Mãe com seu Pai
Temporada 1 - Episódio 3
[2025-05-05 23:43:00] [INFO] Aguardando 29 segundos antes do próximo envio...
[2025-05-05 23:43:29] [OK] Capa enviada para jrg: Baseado em Fatos Reais
[2025-05-05 23:43:29] [INFO] Aguardando 27 segundos antes do próximo envio...
[2025-05-05 23:43:57] [OK] Capa enviada para jrg: Big Brother Brasil
Temporada 25 - Episódio 99
[2025-05-05 23:43:57] [INFO] Aguardando 24 segundos antes do próximo envio...
[2025-05-05 23:44:21] [OK] Capa enviada para jrg: Casseta & Planeta: A Taça do Mundo é Nossa!
[2025-05-05 23:44:21] [INFO] Aguardando 27 segundos antes do próximo envio...
[2025-05-05 23:44:49] [OK] Capa enviada para jrg: Os Últimos Lenhadores
Temporada 1 - Episódio 2
[2025-05-05 23:44:49] [INFO] Aguardando 18 segundos antes do próximo envio...
[2025-05-05 23:45:07] [OK] Capa enviada para jrg: LOL: Se Rir, Já Era
Temporada 1 - Episódio 5
[2025-05-05 23:45:07] [INFO] Aguardando 15 segundos antes do próximo envio...
[2025-05-05 23:45:23] [OK] Capa enviada para jrg: Food Wars! Shokugeki no Soma
Temporada 2 - Episódio 5
[2025-05-05 23:45:23] [INFO] Aguardando 22 segundos antes do próximo envio...
[2025-05-05 23:45:46] [OK] Capa enviada para jrg: A Manobra da Tartaruga
[2025-05-05 23:45:46] [INFO] Aguardando 23 segundos antes do próximo envio...
[2025-05-05 23:46:09] [OK] Capa enviada para jrg: Happy Face: Um Serial Killer
Temporada 1 - Episódio 7
[2025-05-05 23:46:09] [INFO] Aguardando 30 segundos antes do próximo envio...
[2025-05-05 23:46:40] [OK] Capa enviada para jrg: Acompanhante de Luxo
[2025-05-05 23:46:40] [INFO] Aguardando 30 segundos antes do próximo envio...
[2025-05-05 23:47:10] [OK] Capa enviada para jrg: The Americas
Temporada 1 - Episódio 10
[2025-05-05 23:47:10] [INFO] Aguardando 24 segundos antes do próximo envio...
[2025-05-05 23:47:35] [OK] Capa enviada para jrg: The Last Stand of Ellen Cole
[2025-05-05 23:47:35] [INFO] Aguardando 26 segundos antes do próximo envio...
[2025-05-05 23:48:01] [OK] Capa enviada para jrg: Tô de Graça
Temporada 7 - Episódio 3
[2025-05-05 23:48:01] [INFO] Aguardando 13 segundos antes do próximo envio...
[2025-05-05 23:48:15] [OK] Capa enviada para jrg: Caught by the Tides
[2025-05-05 23:48:15] [INFO] Aguardando 18 segundos antes do próximo envio...
[2025-05-05 23:48:33] [OK] Capa enviada para jrg: Inexplicável América Latina: Especial Brasil
Temporada 1 - Episódio 1
[2025-05-05 23:48:33] [INFO] Aguardando 15 segundos antes do próximo envio...
[2025-05-05 23:48:49] [OK] Capa enviada para jrg: Law & Order: Crime Organizado
Temporada 5 - Episódio 3
[2025-05-05 23:48:49] [INFO] Aguardando 19 segundos antes do próximo envio...
[2025-05-05 23:49:09] [OK] Capa enviada para jrg: Doce Engano
Temporada 1 - Episódio 14
[2025-05-05 23:49:09] [INFO] Aguardando 18 segundos antes do próximo envio...
[2025-05-05 23:49:27] [OK] Capa enviada para jrg: Tigerland - A Caminho da Guerra
[2025-05-05 23:49:27] [INFO] Aguardando 23 segundos antes do próximo envio...
[2025-05-05 23:49:51] [OK] Capa enviada para jrg: O Universo de Oliver
[2025-05-05 23:49:51] [INFO] Aguardando 30 segundos antes do próximo envio...
[2025-05-05 23:50:22] [OK] Capa enviada para jrg: FBI: Internacional
Temporada 4 - Episódio 15
[2025-05-05 23:50:22] [INFO] Aguardando 21 segundos antes do próximo envio...
[2025-05-05 23:50:43] [OK] Capa enviada para jrg: Business as Usual - Documentary
Temporada 1 - Episódio 4
[2025-05-05 23:50:43] [INFO] Aguardando 20 segundos antes do próximo envio...
[2025-05-05 23:51:04] [OK] Capa enviada para jrg: A Família Baldwin
Temporada 1 - Episódio 8
[2025-05-05 23:51:04] [INFO] Aguardando 27 segundos antes do próximo envio...
[2025-05-05 23:51:32] [OK] Capa enviada para jrg: Mistérios Inexplorados com Danny Trejo
Temporada 1 - Episódio 2
[2025-05-05 23:51:32] [INFO] Aguardando 21 segundos antes do próximo envio...
[2025-05-05 23:51:53] [OK] Capa enviada para jrg: A Pracinha
Temporada 2 - Episódio 3
[2025-05-05 23:51:53] [INFO] Aguardando 18 segundos antes do próximo envio...
[2025-05-05 23:52:12] [OK] Capa enviada para jrg: Ponto de Virada: A Guerra do Vietnã
Temporada 1 - Episódio 5
[2025-05-05 23:52:12] [INFO] Aguardando 22 segundos antes do próximo envio...
[2025-05-05 23:52:34] [OK] Capa enviada para jrg: Rio de Janeiro: Paraíso em Chamas
[2025-05-05 23:52:34] [INFO] Aguardando 10 segundos antes do próximo envio...
[2025-05-05 23:52:45] [OK] Capa enviada para jrg: Exterritorial
[2025-05-05 23:52:45] [INFO] Aguardando 16 segundos antes do próximo envio...
[2025-05-05 23:53:01] [OK] Capa enviada para jrg: O Desinformante!
[2025-05-05 23:53:01] [INFO] Aguardando 24 segundos antes do próximo envio...
[2025-05-05 23:53:26] [OK] Capa enviada para jrg: The Last of Us
Temporada 2 - Episódio 3
[2025-05-05 23:53:26] [INFO] Aguardando 17 segundos antes do próximo envio...
[2025-05-05 23:53:43] [OK] Capa enviada para jrg: As Meninas Superpoderosas: O Filme
[2025-05-05 23:53:43] [INFO] Aguardando 27 segundos antes do próximo envio...
[2025-05-05 23:54:11] [OK] Capa enviada para jrg: O Eternauta
Temporada 1 - Episódio 5
[2025-05-05 23:54:11] [INFO] Aguardando 15 segundos antes do próximo envio...
[2025-05-05 23:54:27] [OK] Capa enviada para jrg: Suits LA
Temporada 1 - Episódio 9
[2025-05-05 23:54:27] [INFO] Aguardando 25 segundos antes do próximo envio...
[2025-05-05 23:54:52] [OK] Capa enviada para jrg: Chef's Table: Lendas
Temporada 1 - Episódio 1
[2025-05-05 23:54:52] [INFO] Aguardando 18 segundos antes do próximo envio...
[2025-05-05 23:55:10] [OK] Capa enviada para jrg: Grey's Anatomy
Temporada 21 - Episódio 11
[2025-05-05 23:55:10] [INFO] Aguardando 19 segundos antes do próximo envio...
[2025-05-05 23:55:30] [OK] Capa enviada para jrg: The Mononoke Lecture Logs of Chuzenji-sensei: He Just Solves All the Mysteries
Temporada 1 - Episódio 3
[2025-05-05 23:55:30] [INFO] Aguardando 26 segundos antes do próximo envio...
[2025-05-05 23:55:56] [OK] Capa enviada para jrg: A Pousada Bizarra do Kian84
Temporada 1 - Episódio 7
[2025-05-05 23:55:56] [INFO] Aguardando 14 segundos antes do próximo envio...
[2025-05-05 23:56:11] [OK] Capa enviada para jrg: Dra. Emma: Uma Questão de Pele
Temporada 7 - Episódio 7
[2025-05-05 23:56:11] [INFO] Aguardando 22 segundos antes do próximo envio...
[2025-05-05 23:56:34] [OK] Capa enviada para jrg: O Macaco
[2025-05-05 23:56:34] [INFO] Aguardando 12 segundos antes do próximo envio...
[2025-05-05 23:56:46] [OK] Capa enviada para jrg: Once Upon a Witch's Death
Temporada 1 - Episódio 4
[2025-05-05 23:56:46] [INFO] Aguardando 18 segundos antes do próximo envio...
[2025-05-05 23:57:05] [OK] Capa enviada para jrg: Peça-me o Que Quiser
[2025-05-05 23:57:05] [INFO] Aguardando 29 segundos antes do próximo envio...
[2025-05-05 23:57:34] [OK] Capa enviada para jrg: Maebashi Witches
Temporada 1 - Episódio 5
[2025-05-05 23:57:34] [INFO] Aguardando 29 segundos antes do próximo envio...
[2025-05-05 23:58:04] [OK] Capa enviada para jrg: Pollyanna
[2025-05-05 23:58:04] [INFO] Aguardando 10 segundos antes do próximo envio...
[2025-05-05 23:58:15] [OK] Capa enviada para jrg: Quando Ninguém Nos Vê
Temporada 1 - Episódio 8
[2025-05-05 23:58:15] [INFO] Aguardando 12 segundos antes do próximo envio...
[2025-05-05 23:58:28] [OK] Capa enviada para jrg: Caos e Destruição
[2025-05-05 23:58:28] [INFO] Aguardando 22 segundos antes do próximo envio...
[2025-05-05 23:58:52] [OK] Capa enviada para jrg: Solo Leveling
Temporada 2 - Episódio 13
[2025-05-05 23:58:52] [INFO] Aguardando 27 segundos antes do próximo envio...
[2025-05-05 23:59:19] [OK] Capa enviada para jrg: Do Alto Do Seu Conhecimento
Temporada 1 - Episódio 4
[2025-05-05 23:59:19] [INFO] Aguardando 17 segundos antes do próximo envio...
[2025-05-05 23:59:38] [OK] Capa enviada para jrg: Corrida pela Coroa
Temporada 1 - Episódio 6
[2025-05-05 23:59:38] [INFO] Aguardando 22 segundos antes do próximo envio...
[2025-05-06 00:00:00] [OK] Capa enviada para jrg: Formula E: DRIVER
Temporada 1 - Episódio 2
[2025-05-06 00:00:00] [INFO] Aguardando 27 segundos antes do próximo envio...
[2025-05-06 00:00:28] [OK] Capa enviada para jrg: Heróis do Amanhecer
[2025-05-06 00:00:28] [INFO] Aguardando 14 segundos antes do próximo envio...
[2025-05-06 00:00:42] [OK] Capa enviada para jrg: Inferninho
[2025-05-06 00:00:42] [INFO] Aguardando 29 segundos antes do próximo envio...
[2025-05-06 00:01:12] [OK] Capa enviada para jrg: Gatao: Tal Pai, Tal Filho
[2025-05-06 00:01:12] [INFO] Aguardando 30 segundos antes do próximo envio...
[2025-05-06 00:01:43] [OK] Capa enviada para jrg: Na Sua Pele - A Série Marked Men
[2025-05-06 00:01:43] [INFO] Aguardando 13 segundos antes do próximo envio...
[2025-05-06 00:01:57] [OK] Capa enviada para jrg: Corner Office
[2025-05-06 00:01:57] [INFO] Aguardando 14 segundos antes do próximo envio...
[2025-05-06 00:02:11] [OK] Capa enviada para jrg: Seus Amigos e Vizinhos
Temporada 1 - Episódio 5
[2025-05-06 00:02:12] [INFO] Aguardando 13 segundos antes do próximo envio...
[2025-05-06 00:02:25] [OK] Capa enviada para jrg: Jovens, Loucos e Mais Rebeldes
[2025-05-06 00:02:25] [INFO] Aguardando 10 segundos antes do próximo envio...
[2025-05-06 00:02:36] [OK] Capa enviada para jrg: YOLO!
Temporada 3 - Episódio 7
[2025-05-06 00:02:36] [INFO] Aguardando 11 segundos antes do próximo envio...
[2025-05-06 00:02:47] [OK] Capa enviada para jrg: The Heart Killers
Temporada 1 - Episódio 12
[2025-05-06 00:02:47] [INFO] Aguardando 13 segundos antes do próximo envio...
[2025-05-06 00:03:01] [OK] Capa enviada para jrg: Georgie e Mandy - Seu Primeiro Casamento
Temporada 1 - Episódio 16
[2025-05-06 00:03:01] [INFO] Aguardando 29 segundos antes do próximo envio...
[2025-05-06 00:03:30] [OK] Capa enviada para jrg: Asterix e Obelix: O Combate dos Chefes
Temporada 1 - Episódio 1
[2025-05-06 00:03:30] [INFO] Aguardando 19 segundos antes do próximo envio...
[2025-05-06 00:03:50] [OK] Capa enviada para jrg: Bad Boy
Temporada 1 - Episódio 5
[2025-05-06 00:03:50] [INFO] Aguardando 29 segundos antes do próximo envio...
[2025-05-06 00:04:19] [OK] Capa enviada para jrg: Bye Bye, Earth
Temporada 2 - Episódio 14
[2025-05-06 00:04:19] [INFO] Aguardando 21 segundos antes do próximo envio...
[2025-05-06 00:04:41] [OK] Capa enviada para jrg: Tiozões
[2025-05-06 00:04:41] [INFO] Aguardando 14 segundos antes do próximo envio...
[2025-05-06 00:04:55] [OK] Capa enviada para jrg: As Quatro Estações do Ano
Temporada 1 - Episódio 2
[2025-05-06 00:04:55] [INFO] Aguardando 29 segundos antes do próximo envio...
[2025-05-06 00:05:25] [OK] Capa enviada para jrg: Fight For You
Temporada 1 - Episódio 6
[2025-05-06 00:05:25] [INFO] Aguardando 14 segundos antes do próximo envio...
[2025-05-06 00:05:39] [OK] Capa enviada para jrg: Classe dos Heróis Fracos
Temporada 2 - Episódio 6
[2025-05-06 00:05:39] [INFO] Aguardando 27 segundos antes do próximo envio...
[2025-05-06 00:06:07] [OK] Capa enviada para jrg: Presença
[2025-05-06 00:06:07] [INFO] Aguardando 14 segundos antes do próximo envio...
[2025-05-06 00:06:21] [OK] Capa enviada para jrg: Operação Transplante
Temporada 1 - Episódio 6
[2025-05-06 00:06:21] [INFO] Aguardando 26 segundos antes do próximo envio...
[2025-05-06 00:06:48] [OK] Capa enviada para jrg: Left-Hand Layup!
Temporada 1 - Episódio 5
[2025-05-06 00:06:48] [INFO] Aguardando 29 segundos antes do próximo envio...
[2025-05-06 00:07:18] [OK] Capa enviada para jrg: Reforma em Família com Izzy
Temporada 1 - Episódio 8
[2025-05-06 00:07:18] [INFO] Aguardando 28 segundos antes do próximo envio...
[2025-05-06 00:07:46] [OK] Capa enviada para jrg: A Incrível História de Mario Capecchi
[2025-05-06 00:07:46] [INFO] Aguardando 23 segundos antes do próximo envio...
[2025-05-06 00:08:10] [OK] Capa enviada para jrg: Can a Boy-Girl Friendship Survive?
Temporada 1 - Episódio 4
[2025-05-06 00:08:10] [INFO] Aguardando 24 segundos antes do próximo envio...
[2025-05-06 00:08:35] [OK] Capa enviada para jrg: Irracional: A Ciência do Crime
Temporada 2 - Episódio 17
[2025-05-06 00:08:35] [INFO] Aguardando 16 segundos antes do próximo envio...
[2025-05-06 00:08:51] [OK] Capa enviada para jrg: Golpe de Sorte
[2025-05-06 00:08:51] [INFO] Aguardando 30 segundos antes do próximo envio...
[2025-05-06 00:09:22] [OK] Capa enviada para jrg: OVERLORD: O Reino Sagrado
[2025-05-06 00:09:22] [INFO] Aguardando 14 segundos antes do próximo envio...
[2025-05-06 00:09:36] [OK] Capa enviada para jrg: Casa de Areia
[2025-05-06 00:09:36] [INFO] Aguardando 27 segundos antes do próximo envio...
[2025-05-06 00:10:04] [OK] Capa enviada para jrg: Imagens do Além
[2025-05-06 00:10:04] [INFO] Aguardando 24 segundos antes do próximo envio...
[2025-05-06 00:10:29] [OK] Capa enviada para jrg: Congonhas: Tragédia Anunciada
Temporada 1 - Episódio 2
[2025-05-06 00:10:29] [INFO] Aguardando 19 segundos antes do próximo envio...
[2025-05-06 00:10:48] [OK] Capa enviada para jrg: A Última Aposta
[2025-05-06 00:10:48] [INFO] Aguardando 17 segundos antes do próximo envio...
[2025-05-06 00:11:06] [OK] Capa enviada para jrg: Marcas do Passado
[2025-05-06 00:11:06] [INFO] Aguardando 22 segundos antes do próximo envio...
[2025-05-06 00:11:28] [OK] Capa enviada para jrg: ZatsuTabi -That's Journey-
Temporada 1 - Episódio 4
[2025-05-06 00:11:28] [INFO] Aguardando 20 segundos antes do próximo envio...
[2025-05-06 00:11:49] [OK] Capa enviada para jrg: O Lado Sombrio de Hollywood
Temporada 1 - Episódio 6
[2025-05-06 00:11:49] [INFO] Aguardando 28 segundos antes do próximo envio...
[2025-05-06 00:12:17] [OK] Capa enviada para jrg: Lei & Ordem: Unidade de Vítimas Especiais
Temporada 26 - Episódio 14
[2025-05-06 00:12:17] [INFO] Aguardando 25 segundos antes do próximo envio...
[2025-05-06 00:12:43] [OK] Capa enviada para jrg: A Garota na Escuridão
[2025-05-06 00:12:43] [INFO] Aguardando 27 segundos antes do próximo envio...
[2025-05-06 00:13:10] [OK] Capa enviada para jrg: Landline
[2025-05-06 00:13:10] [INFO] Aguardando 24 segundos antes do próximo envio...
[2025-05-06 00:13:35] [OK] Capa enviada para jrg: Anne Shirley
Temporada 1 - Episódio 5
[2025-05-06 00:13:35] [INFO] Aguardando 30 segundos antes do próximo envio...
[2025-05-06 00:14:05] [OK] Capa enviada para jrg: Segredos dos Pinguins
Temporada 1 - Episódio 1
[2025-05-06 00:14:05] [INFO] Aguardando 27 segundos antes do próximo envio...
[2025-05-06 00:14:33] [OK] Capa enviada para jrg: Jack
[2025-05-06 00:14:33] [INFO] Aguardando 16 segundos antes do próximo envio...
[2025-05-06 00:14:50] [OK] Capa enviada para jrg: #COMPASS2.0 ANIMATION PROJECT
Temporada 1 - Episódio 2
[2025-05-06 00:14:50] [INFO] Aguardando 18 segundos antes do próximo envio...
[2025-05-06 00:15:08] [OK] Capa enviada para jrg: YOUR FORMA
Temporada 1 - Episódio 4
[2025-05-06 00:15:08] [INFO] Aguardando 23 segundos antes do próximo envio...
[2025-05-06 00:15:31] [OK] Capa enviada para jrg: Encontrados
Temporada 2 - Episódio 19
[2025-05-06 00:15:31] [INFO] Aguardando 10 segundos antes do próximo envio...
[2025-05-06 00:15:42] [OK] Capa enviada para jrg: The Beginning After the End
Temporada 1 - Episódio 4
[2025-05-06 00:15:42] [INFO] Aguardando 30 segundos antes do próximo envio...
[2025-05-06 00:16:13] [OK] Capa enviada para jrg: Catch Me at the Ballpark!
Temporada 1 - Episódio 5
[2025-05-06 00:16:13] [INFO] Aguardando 22 segundos antes do próximo envio...
[2025-05-06 00:16:36] [OK] Capa enviada para jrg: Will Trent: Agente Especial
Temporada 3 - Episódio 11
[2025-05-06 00:16:36] [INFO] Aguardando 15 segundos antes do próximo envio...
[2025-05-06 00:16:51] [OK] Capa enviada para jrg: Patrulha Canina: Filhotes Caminhoneiros
[2025-05-06 00:16:51] [INFO] Aguardando 17 segundos antes do próximo envio...
[2025-05-06 00:17:09] [OK] Capa enviada para jrg: Chicago Fire: Heróis Contra o Fogo
Temporada 13 - Episódio 14
[2025-05-06 00:17:09] [INFO] Aguardando 10 segundos antes do próximo envio...
[2025-05-06 00:17:19] [OK] Capa enviada para jrg: Medíocres
Temporada 4 - Episódio 5
[2025-05-06 00:17:19] [INFO] Aguardando 13 segundos antes do próximo envio...
[2025-05-06 00:17:33] [OK] Capa enviada para jrg: FBI
Temporada 7 - Episódio 15
[2025-05-06 00:17:33] [INFO] Aguardando 26 segundos antes do próximo envio...
[2025-05-06 00:18:00] [OK] Capa enviada para jrg: O Touro Ferdinando
[2025-05-06 00:18:00] [INFO] Aguardando 30 segundos antes do próximo envio...
[2025-05-06 00:18:30] [OK] Capa enviada para jrg: Fã ou Hater?
[2025-05-06 00:18:30] [INFO] Aguardando 16 segundos antes do próximo envio...
[2025-05-06 00:18:47] [OK] Capa enviada para jrg: mono
Temporada 1 - Episódio 3
[2025-05-06 00:18:47] [INFO] Aguardando 26 segundos antes do próximo envio...
[2025-05-06 00:19:14] [OK] Capa enviada para jrg: O Preço da Traição
[2025-05-06 00:19:14] [INFO] Aguardando 16 segundos antes do próximo envio...
[2025-05-06 00:19:30] [OK] Capa enviada para jrg: Bumblebee
[2025-05-06 00:19:30] [INFO] Aguardando 12 segundos antes do próximo envio...
[2025-05-06 00:19:43] [OK] Capa enviada para jrg: Super Cubo
Temporada 1 - Episódio 8
[2025-05-06 00:19:43] [INFO] Aguardando 11 segundos antes do próximo envio...
[2025-05-06 00:19:54] [OK] Capa enviada para jrg: Teogonia
Temporada 1 - Episódio 4
[2025-05-06 00:19:54] [INFO] Aguardando 27 segundos antes do próximo envio...
[2025-05-06 00:20:22] [OK] Capa enviada para jrg: Food for the Soul
Temporada 1 - Episódio 3
[2025-05-06 00:20:22] [INFO] Aguardando 16 segundos antes do próximo envio...
[2025-05-06 00:20:39] [OK] Capa enviada para jrg: Tortura Selvagem - A Grade
[2025-05-06 00:20:39] [INFO] Aguardando 12 segundos antes do próximo envio...
[2025-05-06 00:20:51] [OK] Capa enviada para jrg: O Conto da Aia
Temporada 6 - Episódio 5
[2025-05-06 00:20:51] [INFO] Aguardando 24 segundos antes do próximo envio...
[2025-05-06 00:21:15] [OK] Mensagem de status enviada para jrg
[2025-05-06 00:21:15] [INFO] Aguardando 27 segundos antes do próximo envio...
[2025-05-06 00:21:43] [OK] Mensagem de status enviada para jrg
[2025-05-06 00:21:43] [INFO] Aguardando 24 segundos antes do próximo envio...
[2025-05-06 00:22:07] [OK] Status atualizado para jrg (133 conteúdos enviados)
